0 verbose cli /usr/local/bin/node /usr/local/bin/npm
1 info using npm@10.8.2
2 info using node@v20.20.0
3 silly config load:file:/usr/local/lib/node_modules/npm/npmrc
4 silly config load:file:/workspace/projects/template-landing/.npmrc
5 silly config load:file:/workspace/projects/template-landing/.home/.npmrc
6 silly config load:file:/usr/local/etc/npmrc
7 verbose title npm install next react react-dom
8 verbose argv "install" "next" "react" "react-dom"
9 verbose logfile logs-max:10 dir:/workspace/projects/template-landing/.home/.npm/_logs/2026-02-27T07_38_05_599Z-
10 verbose logfile /workspace/projects/template-landing/.home/.npm/_logs/2026-02-27T07_38_05_599Z-debug-0.log
11 silly packumentCache heap:4345298944 maxSize:1086324736 maxEntrySize:543162368
12 silly logfile done cleaning log files
13 silly idealTree buildDeps
14 silly fetch manifest next@*
15 silly packumentCache full:https://registry.npmjs.org/next cache-miss
16 http fetch GET 200 https://registry.npmjs.org/next 271ms (cache miss)
17 silly packumentCache full:https://registry.npmjs.org/next set size:undefined disposed:false
18 silly fetch manifest @opentelemetry/api@^1.1.0
19 silly packumentCache full:https://registry.npmjs.org/@opentelemetry%2fapi cache-miss
20 http fetch GET 200 https://registry.npmjs.org/@opentelemetry%2fapi 40ms (cache miss)
21 silly packumentCache full:https://registry.npmjs.org/@opentelemetry%2fapi set size:undefined disposed:false
22 silly fetch manifest @playwright/test@^1.51.1
23 silly packumentCache full:https://registry.npmjs.org/@playwright%2ftest cache-miss
24 http fetch GET 200 https://registry.npmjs.org/@playwright%2ftest 181ms (cache miss)
25 silly packumentCache full:https://registry.npmjs.org/@playwright%2ftest set size:undefined disposed:false
26 silly fetch manifest babel-plugin-react-compiler@*
27 silly packumentCache full:https://registry.npmjs.org/babel-plugin-react-compiler cache-miss
28 http fetch GET 200 https://registry.npmjs.org/babel-plugin-react-compiler 34ms (cache miss)
29 silly packumentCache full:https://registry.npmjs.org/babel-plugin-react-compiler set size:undefined disposed:false
30 silly fetch manifest react@*
31 silly packumentCache full:https://registry.npmjs.org/react cache-miss
32 http fetch GET 200 https://registry.npmjs.org/react 94ms (cache miss)
33 silly packumentCache full:https://registry.npmjs.org/react set size:undefined disposed:false
34 silly fetch manifest react-dom@*
35 silly packumentCache full:https://registry.npmjs.org/react-dom cache-miss
36 http fetch GET 200 https://registry.npmjs.org/react-dom 96ms (cache miss)
37 silly packumentCache full:https://registry.npmjs.org/react-dom set size:undefined disposed:false
38 silly fetch manifest sass@^1.3.0
39 silly packumentCache full:https://registry.npmjs.org/sass cache-miss
40 http fetch GET 200 https://registry.npmjs.org/sass 29ms (cache miss)
41 silly packumentCache full:https://registry.npmjs.org/sass set size:undefined disposed:false
42 silly placeDep ROOT next@16.1.6 OK for: template-landing@1.0.0 want: *
43 silly placeDep ROOT react@19.2.4 OK for: next@16.1.6 want: ^18.2.0 || 19.0.0-rc-de68d2f4-20241204 || ^19.0.0
44 silly placeDep ROOT react-dom@19.2.4 OK for: next@16.1.6 want: ^18.2.0 || 19.0.0-rc-de68d2f4-20241204 || ^19.0.0
45 silly placeDep ROOT react@19.2.4 REPLACE for: template-landing@1.0.0 want: *
46 silly placeDep ROOT react-dom@19.2.4 REPLACE for: template-landing@1.0.0 want: *
47 silly fetch manifest postcss@8.4.31
48 silly packumentCache full:https://registry.npmjs.org/postcss cache-miss
49 silly fetch manifest @next/env@16.1.6
50 silly packumentCache full:https://registry.npmjs.org/@next%2fenv cache-miss
51 silly fetch manifest styled-jsx@5.1.6
52 silly packumentCache full:https://registry.npmjs.org/styled-jsx cache-miss
53 silly fetch manifest @swc/helpers@0.5.15
54 silly packumentCache full:https://registry.npmjs.org/@swc%2fhelpers cache-miss
55 silly fetch manifest caniuse-lite@^1.0.30001579
56 silly packumentCache full:https://registry.npmjs.org/caniuse-lite cache-miss
57 silly fetch manifest baseline-browser-mapping@^2.8.3
58 silly packumentCache full:https://registry.npmjs.org/baseline-browser-mapping cache-miss
59 silly fetch manifest sharp@^0.34.4
60 silly packumentCache full:https://registry.npmjs.org/sharp cache-miss
61 silly fetch manifest @next/swc-darwin-x64@16.1.6
62 silly packumentCache full:https://registry.npmjs.org/@next%2fswc-darwin-x64 cache-miss
63 silly fetch manifest @next/swc-darwin-arm64@16.1.6
64 silly packumentCache full:https://registry.npmjs.org/@next%2fswc-darwin-arm64 cache-miss
65 silly fetch manifest @next/swc-linux-x64-gnu@16.1.6
66 silly packumentCache full:https://registry.npmjs.org/@next%2fswc-linux-x64-gnu cache-miss
67 silly fetch manifest @next/swc-linux-x64-musl@16.1.6
68 silly packumentCache full:https://registry.npmjs.org/@next%2fswc-linux-x64-musl cache-miss
69 silly fetch manifest @next/swc-win32-x64-msvc@16.1.6
70 silly packumentCache full:https://registry.npmjs.org/@next%2fswc-win32-x64-msvc cache-miss
71 silly fetch manifest @next/swc-linux-arm64-gnu@16.1.6
72 silly packumentCache full:https://registry.npmjs.org/@next%2fswc-linux-arm64-gnu cache-miss
73 silly fetch manifest @next/swc-linux-arm64-musl@16.1.6
74 silly packumentCache full:https://registry.npmjs.org/@next%2fswc-linux-arm64-musl cache-miss
75 silly fetch manifest @next/swc-win32-arm64-msvc@16.1.6
76 silly packumentCache full:https://registry.npmjs.org/@next%2fswc-win32-arm64-msvc cache-miss
77 silly fetch manifest scheduler@^0.27.0
78 silly packumentCache full:https://registry.npmjs.org/scheduler cache-miss
79 silly fetch manifest scheduler@^0.27.0
80 silly packumentCache full:https://registry.npmjs.org/scheduler cache-miss
81 http fetch GET 200 https://registry.npmjs.org/postcss 74ms (cache miss)
82 silly packumentCache full:https://registry.npmjs.org/postcss set size:undefined disposed:false
83 http fetch GET 200 https://registry.npmjs.org/styled-jsx 96ms (cache miss)
84 silly packumentCache full:https://registry.npmjs.org/styled-jsx set size:undefined disposed:false
85 http fetch GET 200 https://registry.npmjs.org/baseline-browser-mapping 144ms (cache miss)
86 silly packumentCache full:https://registry.npmjs.org/baseline-browser-mapping set size:undefined disposed:false
87 http fetch GET 200 https://registry.npmjs.org/@swc%2fhelpers 184ms (cache miss)
88 silly packumentCache full:https://registry.npmjs.org/@swc%2fhelpers set size:undefined disposed:false
89 http fetch GET 200 https://registry.npmjs.org/sharp 191ms (cache miss)
90 silly packumentCache full:https://registry.npmjs.org/sharp set size:undefined disposed:false
91 http fetch GET 200 https://registry.npmjs.org/caniuse-lite 249ms (cache miss)
92 silly packumentCache full:https://registry.npmjs.org/caniuse-lite set size:undefined disposed:false
93 http fetch GET 200 https://registry.npmjs.org/scheduler 332ms (cache miss)
94 silly packumentCache full:https://registry.npmjs.org/scheduler set size:undefined disposed:false
95 http fetch GET 200 https://registry.npmjs.org/@next%2fswc-win32-arm64-msvc 368ms (cache miss)
96 silly packumentCache full:https://registry.npmjs.org/@next%2fswc-win32-arm64-msvc set size:undefined disposed:false
97 http fetch GET 200 https://registry.npmjs.org/@next%2fswc-linux-x64-musl 398ms (cache miss)
98 silly packumentCache full:https://registry.npmjs.org/@next%2fswc-linux-x64-musl set size:undefined disposed:false
99 http fetch GET 200 https://registry.npmjs.org/@next%2fswc-darwin-x64 429ms (cache miss)
100 silly packumentCache full:https://registry.npmjs.org/@next%2fswc-darwin-x64 set size:undefined disposed:false
101 http fetch GET 200 https://registry.npmjs.org/@next%2fswc-darwin-arm64 447ms (cache miss)
102 silly packumentCache full:https://registry.npmjs.org/@next%2fswc-darwin-arm64 set size:undefined disposed:false
103 http fetch GET 200 https://registry.npmjs.org/@next%2fswc-linux-arm64-musl 476ms (cache miss)
104 silly packumentCache full:https://registry.npmjs.org/@next%2fswc-linux-arm64-musl set size:undefined disposed:false
105 http fetch GET 200 https://registry.npmjs.org/@next%2fswc-linux-x64-gnu 491ms (cache miss)
106 silly packumentCache full:https://registry.npmjs.org/@next%2fswc-linux-x64-gnu set size:undefined disposed:false
107 http fetch GET 200 https://registry.npmjs.org/@next%2fswc-win32-x64-msvc 514ms (cache miss)
108 silly packumentCache full:https://registry.npmjs.org/@next%2fswc-win32-x64-msvc set size:undefined disposed:false
109 http fetch GET 200 https://registry.npmjs.org/scheduler 538ms (cache miss)
110 silly packumentCache full:https://registry.npmjs.org/scheduler set size:undefined disposed:false
111 http fetch GET 200 https://registry.npmjs.org/@next%2fenv 581ms (cache miss)
112 silly packumentCache full:https://registry.npmjs.org/@next%2fenv set size:undefined disposed:false
113 http fetch GET 200 https://registry.npmjs.org/@next%2fswc-linux-arm64-gnu 606ms (cache miss)
114 silly packumentCache full:https://registry.npmjs.org/@next%2fswc-linux-arm64-gnu set size:undefined disposed:false
115 silly fetch manifest react@^18.2.0 || 19.0.0-rc-de68d2f4-20241204 || ^19.0.0
116 silly packumentCache full:https://registry.npmjs.org/react cache-miss
117 http fetch GET 200 https://registry.npmjs.org/react 12ms (cache hit)
118 silly packumentCache full:https://registry.npmjs.org/react set size:6519872 disposed:false
119 silly placeDep ROOT @next/env@16.1.6 OK for: next@16.1.6 want: 16.1.6
120 silly placeDep ROOT @next/swc-darwin-arm64@16.1.6 OK for: next@16.1.6 want: 16.1.6
121 silly placeDep ROOT @next/swc-darwin-x64@16.1.6 OK for: next@16.1.6 want: 16.1.6
122 silly placeDep ROOT @next/swc-linux-arm64-gnu@16.1.6 OK for: next@16.1.6 want: 16.1.6
123 silly placeDep ROOT @next/swc-linux-arm64-musl@16.1.6 OK for: next@16.1.6 want: 16.1.6
124 silly placeDep ROOT @next/swc-linux-x64-gnu@16.1.6 OK for: next@16.1.6 want: 16.1.6
125 silly placeDep ROOT @next/swc-linux-x64-musl@16.1.6 OK for: next@16.1.6 want: 16.1.6
126 silly placeDep ROOT @next/swc-win32-arm64-msvc@16.1.6 OK for: next@16.1.6 want: 16.1.6
127 silly placeDep ROOT @next/swc-win32-x64-msvc@16.1.6 OK for: next@16.1.6 want: 16.1.6
128 silly placeDep ROOT @swc/helpers@0.5.15 OK for: next@16.1.6 want: 0.5.15
129 silly placeDep ROOT baseline-browser-mapping@2.10.0 OK for: next@16.1.6 want: ^2.8.3
130 silly placeDep ROOT caniuse-lite@1.0.30001774 OK for: next@16.1.6 want: ^1.0.30001579
131 silly placeDep ROOT postcss@8.4.31 OK for: next@16.1.6 want: 8.4.31
132 silly placeDep ROOT sharp@0.34.5 OK for: next@16.1.6 want: ^0.34.4
133 silly placeDep ROOT styled-jsx@5.1.6 OK for: next@16.1.6 want: 5.1.6
134 silly fetch manifest tslib@^2.8.0
135 silly packumentCache full:https://registry.npmjs.org/tslib cache-miss
136 silly fetch manifest nanoid@^3.3.6
137 silly packumentCache full:https://registry.npmjs.org/nanoid cache-miss
138 silly fetch manifest picocolors@^1.0.0
139 silly packumentCache full:https://registry.npmjs.org/picocolors cache-miss
140 silly fetch manifest source-map-js@^1.0.2
141 silly packumentCache full:https://registry.npmjs.org/source-map-js cache-miss
142 silly fetch manifest semver@^7.7.3
143 silly packumentCache full:https://registry.npmjs.org/semver cache-miss
144 silly fetch manifest @img/colour@^1.0.0
145 silly packumentCache full:https://registry.npmjs.org/@img%2fcolour cache-miss
146 silly fetch manifest detect-libc@^2.1.2
147 silly packumentCache full:https://registry.npmjs.org/detect-libc cache-miss
148 silly fetch manifest @img/sharp-wasm32@0.34.5
149 silly packumentCache full:https://registry.npmjs.org/@img%2fsharp-wasm32 cache-miss
150 silly fetch manifest @img/sharp-linux-arm@0.34.5
151 silly packumentCache full:https://registry.npmjs.org/@img%2fsharp-linux-arm cache-miss
152 silly fetch manifest @img/sharp-linux-x64@0.34.5
153 silly packumentCache full:https://registry.npmjs.org/@img%2fsharp-linux-x64 cache-miss
154 silly fetch manifest @img/sharp-win32-x64@0.34.5
155 silly packumentCache full:https://registry.npmjs.org/@img%2fsharp-win32-x64 cache-miss
156 silly fetch manifest @img/sharp-darwin-x64@0.34.5
157 silly packumentCache full:https://registry.npmjs.org/@img%2fsharp-darwin-x64 cache-miss
158 silly fetch manifest @img/sharp-win32-ia32@0.34.5
159 silly packumentCache full:https://registry.npmjs.org/@img%2fsharp-win32-ia32 cache-miss
160 silly fetch manifest @img/sharp-linux-arm64@0.34.5
161 silly packumentCache full:https://registry.npmjs.org/@img%2fsharp-linux-arm64 cache-miss
162 silly fetch manifest @img/sharp-linux-ppc64@0.34.5
163 silly packumentCache full:https://registry.npmjs.org/@img%2fsharp-linux-ppc64 cache-miss
164 silly fetch manifest @img/sharp-linux-s390x@0.34.5
165 silly packumentCache full:https://registry.npmjs.org/@img%2fsharp-linux-s390x cache-miss
166 silly fetch manifest @img/sharp-win32-arm64@0.34.5
167 silly packumentCache full:https://registry.npmjs.org/@img%2fsharp-win32-arm64 cache-miss
168 silly fetch manifest @img/sharp-darwin-arm64@0.34.5
169 silly packumentCache full:https://registry.npmjs.org/@img%2fsharp-darwin-arm64 cache-miss
170 silly fetch manifest @img/sharp-linux-riscv64@0.34.5
171 silly packumentCache full:https://registry.npmjs.org/@img%2fsharp-linux-riscv64 cache-miss
172 silly fetch manifest @img/sharp-linuxmusl-x64@0.34.5
173 silly packumentCache full:https://registry.npmjs.org/@img%2fsharp-linuxmusl-x64 cache-miss
174 silly fetch manifest @img/sharp-linuxmusl-arm64@0.34.5
175 silly packumentCache full:https://registry.npmjs.org/@img%2fsharp-linuxmusl-arm64 cache-miss
176 silly fetch manifest @img/sharp-libvips-linux-arm@1.2.4
177 silly packumentCache full:https://registry.npmjs.org/@img%2fsharp-libvips-linux-arm cache-miss
178 silly fetch manifest @img/sharp-libvips-linux-x64@1.2.4
179 silly packumentCache full:https://registry.npmjs.org/@img%2fsharp-libvips-linux-x64 cache-miss
180 silly fetch manifest @img/sharp-libvips-darwin-x64@1.2.4
181 silly packumentCache full:https://registry.npmjs.org/@img%2fsharp-libvips-darwin-x64 cache-miss
182 silly fetch manifest @img/sharp-libvips-linux-arm64@1.2.4
183 silly packumentCache full:https://registry.npmjs.org/@img%2fsharp-libvips-linux-arm64 cache-miss
184 silly fetch manifest @img/sharp-libvips-linux-ppc64@1.2.4
185 silly packumentCache full:https://registry.npmjs.org/@img%2fsharp-libvips-linux-ppc64 cache-miss
186 silly fetch manifest @img/sharp-libvips-linux-s390x@1.2.4
187 silly packumentCache full:https://registry.npmjs.org/@img%2fsharp-libvips-linux-s390x cache-miss
188 silly fetch manifest @img/sharp-libvips-darwin-arm64@1.2.4
189 silly packumentCache full:https://registry.npmjs.org/@img%2fsharp-libvips-darwin-arm64 cache-miss
190 silly fetch manifest @img/sharp-libvips-linux-riscv64@1.2.4
191 silly packumentCache full:https://registry.npmjs.org/@img%2fsharp-libvips-linux-riscv64 cache-miss
192 silly fetch manifest @img/sharp-libvips-linuxmusl-x64@1.2.4
193 silly packumentCache full:https://registry.npmjs.org/@img%2fsharp-libvips-linuxmusl-x64 cache-miss
194 silly fetch manifest @img/sharp-libvips-linuxmusl-arm64@1.2.4
195 silly packumentCache full:https://registry.npmjs.org/@img%2fsharp-libvips-linuxmusl-arm64 cache-miss
196 silly fetch manifest client-only@0.0.1
197 silly packumentCache full:https://registry.npmjs.org/client-only cache-miss
198 http fetch GET 200 https://registry.npmjs.org/detect-libc 41ms (cache miss)
199 silly packumentCache full:https://registry.npmjs.org/detect-libc set size:undefined disposed:false
200 http fetch GET 200 https://registry.npmjs.org/source-map-js 45ms (cache miss)
201 silly packumentCache full:https://registry.npmjs.org/source-map-js set size:undefined disposed:false
202 http fetch GET 200 https://registry.npmjs.org/semver 56ms (cache miss)
203 silly packumentCache full:https://registry.npmjs.org/semver set size:undefined disposed:false
204 http fetch GET 200 https://registry.npmjs.org/nanoid 68ms (cache miss)
205 silly packumentCache full:https://registry.npmjs.org/nanoid set size:undefined disposed:false
206 http fetch GET 200 https://registry.npmjs.org/@img%2fcolour 77ms (cache miss)
207 silly packumentCache full:https://registry.npmjs.org/@img%2fcolour set size:undefined disposed:false
208 http fetch GET 200 https://registry.npmjs.org/@img%2fsharp-wasm32 79ms (cache miss)
209 silly packumentCache full:https://registry.npmjs.org/@img%2fsharp-wasm32 set size:undefined disposed:false
210 http fetch GET 200 https://registry.npmjs.org/picocolors 83ms (cache miss)
211 silly packumentCache full:https://registry.npmjs.org/picocolors set size:undefined disposed:false
212 http fetch GET 200 https://registry.npmjs.org/tslib 88ms (cache miss)
213 silly packumentCache full:https://registry.npmjs.org/tslib set size:undefined disposed:false
214 http fetch GET 200 https://registry.npmjs.org/@img%2fsharp-linux-x64 87ms (cache miss)
215 silly packumentCache full:https://registry.npmjs.org/@img%2fsharp-linux-x64 set size:undefined disposed:false
216 http fetch GET 200 https://registry.npmjs.org/@img%2fsharp-linux-arm 89ms (cache miss)
217 silly packumentCache full:https://registry.npmjs.org/@img%2fsharp-linux-arm set size:undefined disposed:false
218 http fetch GET 200 https://registry.npmjs.org/@img%2fsharp-win32-x64 94ms (cache miss)
219 silly packumentCache full:https://registry.npmjs.org/@img%2fsharp-win32-x64 set size:undefined disposed:false
220 http fetch GET 200 https://registry.npmjs.org/@img%2fsharp-linux-arm64 94ms (cache miss)
221 silly packumentCache full:https://registry.npmjs.org/@img%2fsharp-linux-arm64 set size:undefined disposed:false
222 http fetch GET 200 https://registry.npmjs.org/@img%2fsharp-win32-ia32 100ms (cache miss)
223 silly packumentCache full:https://registry.npmjs.org/@img%2fsharp-win32-ia32 set size:undefined disposed:false
224 http fetch GET 200 https://registry.npmjs.org/@img%2fsharp-darwin-x64 102ms (cache miss)
225 silly packumentCache full:https://registry.npmjs.org/@img%2fsharp-darwin-x64 set size:undefined disposed:false
226 http fetch GET 200 https://registry.npmjs.org/@img%2fsharp-linux-s390x 103ms (cache miss)
227 silly packumentCache full:https://registry.npmjs.org/@img%2fsharp-linux-s390x set size:undefined disposed:false
228 http fetch GET 200 https://registry.npmjs.org/@img%2fsharp-darwin-arm64 103ms (cache miss)
229 silly packumentCache full:https://registry.npmjs.org/@img%2fsharp-darwin-arm64 set size:undefined disposed:false
230 http fetch GET 200 https://registry.npmjs.org/@img%2fsharp-win32-arm64 105ms (cache miss)
231 silly packumentCache full:https://registry.npmjs.org/@img%2fsharp-win32-arm64 set size:undefined disposed:false
232 http fetch GET 200 https://registry.npmjs.org/@img%2fsharp-linux-riscv64 104ms (cache miss)
233 silly packumentCache full:https://registry.npmjs.org/@img%2fsharp-linux-riscv64 set size:undefined disposed:false
234 http fetch GET 200 https://registry.npmjs.org/@img%2fsharp-linuxmusl-arm64 105ms (cache miss)
235 silly packumentCache full:https://registry.npmjs.org/@img%2fsharp-linuxmusl-arm64 set size:undefined disposed:false
236 http fetch GET 200 https://registry.npmjs.org/@img%2fsharp-libvips-linux-x64 105ms (cache miss)
237 silly packumentCache full:https://registry.npmjs.org/@img%2fsharp-libvips-linux-x64 set size:undefined disposed:false
238 http fetch GET 200 https://registry.npmjs.org/@img%2fsharp-libvips-darwin-x64 106ms (cache miss)
239 silly packumentCache full:https://registry.npmjs.org/@img%2fsharp-libvips-darwin-x64 set size:undefined disposed:false
240 http fetch GET 200 https://registry.npmjs.org/client-only 105ms (cache miss)
241 silly packumentCache full:https://registry.npmjs.org/client-only set size:undefined disposed:false
242 http fetch GET 200 https://registry.npmjs.org/@img%2fsharp-libvips-linux-s390x 106ms (cache miss)
243 silly packumentCache full:https://registry.npmjs.org/@img%2fsharp-libvips-linux-s390x set size:undefined disposed:false
244 http fetch GET 200 https://registry.npmjs.org/@img%2fsharp-linuxmusl-x64 108ms (cache miss)
245 silly packumentCache full:https://registry.npmjs.org/@img%2fsharp-linuxmusl-x64 set size:undefined disposed:false
246 http fetch GET 200 https://registry.npmjs.org/@img%2fsharp-libvips-linux-arm 108ms (cache miss)
247 silly packumentCache full:https://registry.npmjs.org/@img%2fsharp-libvips-linux-arm set size:undefined disposed:false
248 http fetch GET 200 https://registry.npmjs.org/@img%2fsharp-libvips-linux-ppc64 108ms (cache miss)
249 silly packumentCache full:https://registry.npmjs.org/@img%2fsharp-libvips-linux-ppc64 set size:undefined disposed:false
250 http fetch GET 200 https://registry.npmjs.org/@img%2fsharp-libvips-darwin-arm64 108ms (cache miss)
251 silly packumentCache full:https://registry.npmjs.org/@img%2fsharp-libvips-darwin-arm64 set size:undefined disposed:false
252 http fetch GET 200 https://registry.npmjs.org/@img%2fsharp-libvips-linux-arm64 109ms (cache miss)
253 silly packumentCache full:https://registry.npmjs.org/@img%2fsharp-libvips-linux-arm64 set size:undefined disposed:false
254 http fetch GET 200 https://registry.npmjs.org/@img%2fsharp-libvips-linuxmusl-arm64 109ms (cache miss)
255 silly packumentCache full:https://registry.npmjs.org/@img%2fsharp-libvips-linuxmusl-arm64 set size:undefined disposed:false
256 http fetch GET 200 https://registry.npmjs.org/@img%2fsharp-libvips-linux-riscv64 109ms (cache miss)
257 silly packumentCache full:https://registry.npmjs.org/@img%2fsharp-libvips-linux-riscv64 set size:undefined disposed:false
258 http fetch GET 200 https://registry.npmjs.org/@img%2fsharp-libvips-linuxmusl-x64 110ms (cache miss)
259 silly packumentCache full:https://registry.npmjs.org/@img%2fsharp-libvips-linuxmusl-x64 set size:undefined disposed:false
260 http fetch GET 200 https://registry.npmjs.org/@img%2fsharp-linux-ppc64 1236ms (cache miss)
261 silly packumentCache full:https://registry.npmjs.org/@img%2fsharp-linux-ppc64 set size:undefined disposed:false
262 silly placeDep ROOT tslib@2.8.1 OK for: @swc/helpers@0.5.15 want: ^2.8.0
263 silly placeDep ROOT nanoid@3.3.11 OK for: postcss@8.4.31 want: ^3.3.6
264 silly placeDep ROOT picocolors@1.1.1 OK for: postcss@8.4.31 want: ^1.0.0
265 silly placeDep ROOT source-map-js@1.2.1 OK for: postcss@8.4.31 want: ^1.0.2
266 silly placeDep ROOT scheduler@0.27.0 OK for: react-dom@19.2.4 want: ^0.27.0
267 silly placeDep ROOT @img/colour@1.0.0 OK for: sharp@0.34.5 want: ^1.0.0
268 silly placeDep ROOT @img/sharp-darwin-arm64@0.34.5 OK for: sharp@0.34.5 want: 0.34.5
269 silly placeDep ROOT @img/sharp-darwin-x64@0.34.5 OK for: sharp@0.34.5 want: 0.34.5
270 silly placeDep ROOT @img/sharp-libvips-darwin-arm64@1.2.4 OK for: sharp@0.34.5 want: 1.2.4
271 silly placeDep ROOT @img/sharp-libvips-darwin-x64@1.2.4 OK for: sharp@0.34.5 want: 1.2.4
272 silly placeDep ROOT @img/sharp-libvips-linux-arm@1.2.4 OK for: sharp@0.34.5 want: 1.2.4
273 silly placeDep ROOT @img/sharp-libvips-linux-arm64@1.2.4 OK for: sharp@0.34.5 want: 1.2.4
274 silly placeDep ROOT @img/sharp-libvips-linux-ppc64@1.2.4 OK for: sharp@0.34.5 want: 1.2.4
275 silly placeDep ROOT @img/sharp-libvips-linux-riscv64@1.2.4 OK for: sharp@0.34.5 want: 1.2.4
276 silly placeDep ROOT @img/sharp-libvips-linux-s390x@1.2.4 OK for: sharp@0.34.5 want: 1.2.4
277 silly placeDep ROOT @img/sharp-libvips-linux-x64@1.2.4 OK for: sharp@0.34.5 want: 1.2.4
278 silly placeDep ROOT @img/sharp-libvips-linuxmusl-arm64@1.2.4 OK for: sharp@0.34.5 want: 1.2.4
279 silly placeDep ROOT @img/sharp-libvips-linuxmusl-x64@1.2.4 OK for: sharp@0.34.5 want: 1.2.4
280 silly placeDep ROOT @img/sharp-linux-arm@0.34.5 OK for: sharp@0.34.5 want: 0.34.5
281 silly placeDep ROOT @img/sharp-linux-arm64@0.34.5 OK for: sharp@0.34.5 want: 0.34.5
282 silly placeDep ROOT @img/sharp-linux-ppc64@0.34.5 OK for: sharp@0.34.5 want: 0.34.5
283 silly placeDep ROOT @img/sharp-linux-riscv64@0.34.5 OK for: sharp@0.34.5 want: 0.34.5
284 silly placeDep ROOT @img/sharp-linux-s390x@0.34.5 OK for: sharp@0.34.5 want: 0.34.5
285 silly placeDep ROOT @img/sharp-linux-x64@0.34.5 OK for: sharp@0.34.5 want: 0.34.5
286 silly placeDep ROOT @img/sharp-linuxmusl-arm64@0.34.5 OK for: sharp@0.34.5 want: 0.34.5
287 silly placeDep ROOT @img/sharp-linuxmusl-x64@0.34.5 OK for: sharp@0.34.5 want: 0.34.5
288 silly placeDep ROOT @img/sharp-wasm32@0.34.5 OK for: sharp@0.34.5 want: 0.34.5
289 silly placeDep ROOT @img/sharp-win32-arm64@0.34.5 OK for: sharp@0.34.5 want: 0.34.5
290 silly placeDep ROOT @img/sharp-win32-ia32@0.34.5 OK for: sharp@0.34.5 want: 0.34.5
291 silly placeDep ROOT @img/sharp-win32-x64@0.34.5 OK for: sharp@0.34.5 want: 0.34.5
292 silly placeDep ROOT detect-libc@2.1.2 OK for: sharp@0.34.5 want: ^2.1.2
293 silly placeDep ROOT semver@7.7.4 OK for: sharp@0.34.5 want: ^7.7.3
294 silly fetch manifest @emnapi/runtime@^1.7.0
295 silly packumentCache full:https://registry.npmjs.org/@emnapi%2fruntime cache-miss
296 http fetch GET 200 https://registry.npmjs.org/@emnapi%2fruntime 33ms (cache miss)
297 silly packumentCache full:https://registry.npmjs.org/@emnapi%2fruntime set size:undefined disposed:false
298 silly placeDep ROOT @emnapi/runtime@1.8.1 OK for: @img/sharp-wasm32@0.34.5 want: ^1.7.0
299 silly placeDep ROOT client-only@0.0.1 OK for: styled-jsx@5.1.6 want: 0.0.1
300 silly reify moves {}
301 silly audit bulk request {
301 silly audit   next: [ '16.1.6' ],
301 silly audit   react: [ '19.2.4' ],
301 silly audit   'react-dom': [ '19.2.4' ],
301 silly audit   '@next/env': [ '16.1.6' ],
301 silly audit   '@next/swc-darwin-arm64': [ '16.1.6' ],
301 silly audit   '@next/swc-darwin-x64': [ '16.1.6' ],
301 silly audit   '@next/swc-linux-arm64-gnu': [ '16.1.6' ],
301 silly audit   '@next/swc-linux-arm64-musl': [ '16.1.6' ],
301 silly audit   '@next/swc-linux-x64-gnu': [ '16.1.6' ],
301 silly audit   '@next/swc-linux-x64-musl': [ '16.1.6' ],
301 silly audit   '@next/swc-win32-arm64-msvc': [ '16.1.6' ],
301 silly audit   '@next/swc-win32-x64-msvc': [ '16.1.6' ],
301 silly audit   '@swc/helpers': [ '0.5.15' ],
301 silly audit   'baseline-browser-mapping': [ '2.10.0' ],
301 silly audit   'caniuse-lite': [ '1.0.30001774' ],
301 silly audit   postcss: [ '8.4.31' ],
301 silly audit   sharp: [ '0.34.5' ],
301 silly audit   'styled-jsx': [ '5.1.6' ],
301 silly audit   tslib: [ '2.8.1' ],
301 silly audit   nanoid: [ '3.3.11' ],
301 silly audit   picocolors: [ '1.1.1' ],
301 silly audit   'source-map-js': [ '1.2.1' ],
301 silly audit   scheduler: [ '0.27.0' ],
301 silly audit   '@img/colour': [ '1.0.0' ],
301 silly audit   '@img/sharp-darwin-arm64': [ '0.34.5' ],
301 silly audit   '@img/sharp-darwin-x64': [ '0.34.5' ],
301 silly audit   '@img/sharp-libvips-darwin-arm64': [ '1.2.4' ],
301 silly audit   '@img/sharp-libvips-darwin-x64': [ '1.2.4' ],
301 silly audit   '@img/sharp-libvips-linux-arm': [ '1.2.4' ],
301 silly audit   '@img/sharp-libvips-linux-arm64': [ '1.2.4' ],
301 silly audit   '@img/sharp-libvips-linux-ppc64': [ '1.2.4' ],
301 silly audit   '@img/sharp-libvips-linux-riscv64': [ '1.2.4' ],
301 silly audit   '@img/sharp-libvips-linux-s390x': [ '1.2.4' ],
301 silly audit   '@img/sharp-libvips-linux-x64': [ '1.2.4' ],
301 silly audit   '@img/sharp-libvips-linuxmusl-arm64': [ '1.2.4' ],
301 silly audit   '@img/sharp-libvips-linuxmusl-x64': [ '1.2.4' ],
301 silly audit   '@img/sharp-linux-arm': [ '0.34.5' ],
301 silly audit   '@img/sharp-linux-arm64': [ '0.34.5' ],
301 silly audit   '@img/sharp-linux-ppc64': [ '0.34.5' ],
301 silly audit   '@img/sharp-linux-riscv64': [ '0.34.5' ],
301 silly audit   '@img/sharp-linux-s390x': [ '0.34.5' ],
301 silly audit   '@img/sharp-linux-x64': [ '0.34.5' ],
301 silly audit   '@img/sharp-linuxmusl-arm64': [ '0.34.5' ],
301 silly audit   '@img/sharp-linuxmusl-x64': [ '0.34.5' ],
301 silly audit   '@img/sharp-wasm32': [ '0.34.5' ],
301 silly audit   '@img/sharp-win32-arm64': [ '0.34.5' ],
301 silly audit   '@img/sharp-win32-ia32': [ '0.34.5' ],
301 silly audit   '@img/sharp-win32-x64': [ '0.34.5' ],
301 silly audit   'detect-libc': [ '2.1.2' ],
301 silly audit   semver: [ '7.7.4' ],
301 silly audit   '@emnapi/runtime': [ '1.8.1' ],
301 silly audit   'client-only': [ '0.0.1' ]
301 silly audit }
302 verbose reify failed optional dependency /workspace/projects/template-landing/node_modules/@img/sharp-win32-x64
303 silly reify mark deleted [
303 silly reify   '/workspace/projects/template-landing/node_modules/@img/sharp-win32-x64'
303 silly reify ]
304 verbose reify failed optional dependency /workspace/projects/template-landing/node_modules/@img/sharp-win32-ia32
305 silly reify mark deleted [
305 silly reify   '/workspace/projects/template-landing/node_modules/@img/sharp-win32-ia32'
305 silly reify ]
306 verbose reify failed optional dependency /workspace/projects/template-landing/node_modules/@img/sharp-win32-arm64
307 silly reify mark deleted [
307 silly reify   '/workspace/projects/template-landing/node_modules/@img/sharp-win32-arm64'
307 silly reify ]
308 verbose reify failed optional dependency /workspace/projects/template-landing/node_modules/@img/sharp-wasm32
309 silly reify mark deleted [
309 silly reify   '/workspace/projects/template-landing/node_modules/@img/sharp-wasm32'
309 silly reify ]
310 verbose reify failed optional dependency /workspace/projects/template-landing/node_modules/@emnapi/runtime
311 silly reify mark deleted [ '/workspace/projects/template-landing/node_modules/@emnapi/runtime' ]
312 verbose reify failed optional dependency /workspace/projects/template-landing/node_modules/@img/sharp-linuxmusl-x64
313 silly reify mark deleted [
313 silly reify   '/workspace/projects/template-landing/node_modules/@img/sharp-linuxmusl-x64'
313 silly reify ]
314 verbose reify failed optional dependency /workspace/projects/template-landing/node_modules/@img/sharp-linuxmusl-arm64
315 silly reify mark deleted [
315 silly reify   '/workspace/projects/template-landing/node_modules/@img/sharp-linuxmusl-arm64'
315 silly reify ]
316 verbose reify failed optional dependency /workspace/projects/template-landing/node_modules/@img/sharp-linux-s390x
317 silly reify mark deleted [
317 silly reify   '/workspace/projects/template-landing/node_modules/@img/sharp-linux-s390x'
317 silly reify ]
318 verbose reify failed optional dependency /workspace/projects/template-landing/node_modules/@img/sharp-linux-riscv64
319 silly reify mark deleted [
319 silly reify   '/workspace/projects/template-landing/node_modules/@img/sharp-linux-riscv64'
319 silly reify ]
320 verbose reify failed optional dependency /workspace/projects/template-landing/node_modules/@img/sharp-linux-ppc64
321 silly reify mark deleted [
321 silly reify   '/workspace/projects/template-landing/node_modules/@img/sharp-linux-ppc64'
321 silly reify ]
322 verbose reify failed optional dependency /workspace/projects/template-landing/node_modules/@img/sharp-linux-arm64
323 silly reify mark deleted [
323 silly reify   '/workspace/projects/template-landing/node_modules/@img/sharp-linux-arm64'
323 silly reify ]
324 verbose reify failed optional dependency /workspace/projects/template-landing/node_modules/@img/sharp-linux-arm
325 silly reify mark deleted [
325 silly reify   '/workspace/projects/template-landing/node_modules/@img/sharp-linux-arm'
325 silly reify ]
326 verbose reify failed optional dependency /workspace/projects/template-landing/node_modules/@img/sharp-libvips-linuxmusl-x64
327 silly reify mark deleted [
327 silly reify   '/workspace/projects/template-landing/node_modules/@img/sharp-libvips-linuxmusl-x64'
327 silly reify ]
328 verbose reify failed optional dependency /workspace/projects/template-landing/node_modules/@img/sharp-libvips-linuxmusl-arm64
329 silly reify mark deleted [
329 silly reify   '/workspace/projects/template-landing/node_modules/@img/sharp-libvips-linuxmusl-arm64'
329 silly reify ]
330 verbose reify failed optional dependency /workspace/projects/template-landing/node_modules/@img/sharp-libvips-linux-s390x
331 silly reify mark deleted [
331 silly reify   '/workspace/projects/template-landing/node_modules/@img/sharp-libvips-linux-s390x'
331 silly reify ]
332 verbose reify failed optional dependency /workspace/projects/template-landing/node_modules/@img/sharp-libvips-linux-riscv64
333 silly reify mark deleted [
333 silly reify   '/workspace/projects/template-landing/node_modules/@img/sharp-libvips-linux-riscv64'
333 silly reify ]
334 verbose reify failed optional dependency /workspace/projects/template-landing/node_modules/@img/sharp-libvips-linux-ppc64
335 silly reify mark deleted [
335 silly reify   '/workspace/projects/template-landing/node_modules/@img/sharp-libvips-linux-ppc64'
335 silly reify ]
336 verbose reify failed optional dependency /workspace/projects/template-landing/node_modules/@img/sharp-libvips-linux-arm64
337 silly reify mark deleted [
337 silly reify   '/workspace/projects/template-landing/node_modules/@img/sharp-libvips-linux-arm64'
337 silly reify ]
338 verbose reify failed optional dependency /workspace/projects/template-landing/node_modules/@img/sharp-libvips-linux-arm
339 silly reify mark deleted [
339 silly reify   '/workspace/projects/template-landing/node_modules/@img/sharp-libvips-linux-arm'
339 silly reify ]
340 verbose reify failed optional dependency /workspace/projects/template-landing/node_modules/@img/sharp-libvips-darwin-x64
341 silly reify mark deleted [
341 silly reify   '/workspace/projects/template-landing/node_modules/@img/sharp-libvips-darwin-x64'
341 silly reify ]
342 verbose reify failed optional dependency /workspace/projects/template-landing/node_modules/@img/sharp-libvips-darwin-arm64
343 silly reify mark deleted [
343 silly reify   '/workspace/projects/template-landing/node_modules/@img/sharp-libvips-darwin-arm64'
343 silly reify ]
344 verbose reify failed optional dependency /workspace/projects/template-landing/node_modules/@img/sharp-darwin-x64
345 silly reify mark deleted [
345 silly reify   '/workspace/projects/template-landing/node_modules/@img/sharp-darwin-x64'
345 silly reify ]
346 verbose reify failed optional dependency /workspace/projects/template-landing/node_modules/@img/sharp-darwin-arm64
347 silly reify mark deleted [
347 silly reify   '/workspace/projects/template-landing/node_modules/@img/sharp-darwin-arm64'
347 silly reify ]
348 verbose reify failed optional dependency /workspace/projects/template-landing/node_modules/@next/swc-win32-x64-msvc
349 silly reify mark deleted [
349 silly reify   '/workspace/projects/template-landing/node_modules/@next/swc-win32-x64-msvc'
349 silly reify ]
350 verbose reify failed optional dependency /workspace/projects/template-landing/node_modules/@next/swc-win32-arm64-msvc
351 silly reify mark deleted [
351 silly reify   '/workspace/projects/template-landing/node_modules/@next/swc-win32-arm64-msvc'
351 silly reify ]
352 verbose reify failed optional dependency /workspace/projects/template-landing/node_modules/@next/swc-linux-x64-musl
353 silly reify mark deleted [
353 silly reify   '/workspace/projects/template-landing/node_modules/@next/swc-linux-x64-musl'
353 silly reify ]
354 verbose reify failed optional dependency /workspace/projects/template-landing/node_modules/@next/swc-linux-arm64-musl
355 silly reify mark deleted [
355 silly reify   '/workspace/projects/template-landing/node_modules/@next/swc-linux-arm64-musl'
355 silly reify ]
356 verbose reify failed optional dependency /workspace/projects/template-landing/node_modules/@next/swc-linux-arm64-gnu
357 silly reify mark deleted [
357 silly reify   '/workspace/projects/template-landing/node_modules/@next/swc-linux-arm64-gnu'
357 silly reify ]
358 verbose reify failed optional dependency /workspace/projects/template-landing/node_modules/@next/swc-darwin-x64
359 silly reify mark deleted [
359 silly reify   '/workspace/projects/template-landing/node_modules/@next/swc-darwin-x64'
359 silly reify ]
360 verbose reify failed optional dependency /workspace/projects/template-landing/node_modules/@next/swc-darwin-arm64
361 silly reify mark deleted [
361 silly reify   '/workspace/projects/template-landing/node_modules/@next/swc-darwin-arm64'
361 silly reify ]
362 silly tarball no local data for semver@https://registry.npmjs.org/semver/-/semver-7.7.4.tgz. Extracting by manifest.
363 silly tarball no local data for client-only@https://registry.npmjs.org/client-only/-/client-only-0.0.1.tgz. Extracting by manifest.
364 silly tarball no local data for @emnapi/runtime@https://registry.npmjs.org/@emnapi/runtime/-/runtime-1.8.1.tgz. Extracting by manifest.
365 silly tarball no local data for @img/sharp-linux-x64@https://registry.npmjs.org/@img/sharp-linux-x64/-/sharp-linux-x64-0.34.5.tgz. Extracting by manifest.
366 silly tarball no local data for @img/sharp-libvips-linux-x64@https://registry.npmjs.org/@img/sharp-libvips-linux-x64/-/sharp-libvips-linux-x64-1.2.4.tgz. Extracting by manifest.
367 silly tarball no local data for @img/colour@https://registry.npmjs.org/@img/colour/-/colour-1.0.0.tgz. Extracting by manifest.
368 silly tarball no local data for detect-libc@https://registry.npmjs.org/detect-libc/-/detect-libc-2.1.2.tgz. Extracting by manifest.
369 silly tarball no local data for source-map-js@https://registry.npmjs.org/source-map-js/-/source-map-js-1.2.1.tgz. Extracting by manifest.
370 silly tarball no local data for picocolors@https://registry.npmjs.org/picocolors/-/picocolors-1.1.1.tgz. Extracting by manifest.
371 silly tarball no local data for nanoid@https://registry.npmjs.org/nanoid/-/nanoid-3.3.11.tgz. Extracting by manifest.
372 silly tarball no local data for scheduler@https://registry.npmjs.org/scheduler/-/scheduler-0.27.0.tgz. Extracting by manifest.
373 silly tarball no local data for tslib@https://registry.npmjs.org/tslib/-/tslib-2.8.1.tgz. Extracting by manifest.
374 silly tarball no local data for styled-jsx@https://registry.npmjs.org/styled-jsx/-/styled-jsx-5.1.6.tgz. Extracting by manifest.
375 silly tarball no local data for sharp@https://registry.npmjs.org/sharp/-/sharp-0.34.5.tgz. Extracting by manifest.
376 silly tarball no local data for caniuse-lite@https://registry.npmjs.org/caniuse-lite/-/caniuse-lite-1.0.30001774.tgz. Extracting by manifest.
377 silly tarball no local data for postcss@https://registry.npmjs.org/postcss/-/postcss-8.4.31.tgz. Extracting by manifest.
378 silly tarball no local data for baseline-browser-mapping@https://registry.npmjs.org/baseline-browser-mapping/-/baseline-browser-mapping-2.10.0.tgz. Extracting by manifest.
379 silly tarball no local data for @swc/helpers@https://registry.npmjs.org/@swc/helpers/-/helpers-0.5.15.tgz. Extracting by manifest.
380 silly tarball no local data for react-dom@https://registry.npmjs.org/react-dom/-/react-dom-19.2.4.tgz. Extracting by manifest.
381 silly tarball no local data for @next/env@https://registry.npmjs.org/@next/env/-/env-16.1.6.tgz. Extracting by manifest.
382 silly tarball no local data for @next/swc-linux-x64-gnu@https://registry.npmjs.org/@next/swc-linux-x64-gnu/-/swc-linux-x64-gnu-16.1.6.tgz. Extracting by manifest.
383 silly tarball no local data for react@https://registry.npmjs.org/react/-/react-19.2.4.tgz. Extracting by manifest.
384 silly tarball no local data for next@https://registry.npmjs.org/next/-/next-16.1.6.tgz. Extracting by manifest.
385 http fetch POST 200 https://registry.npmjs.org/-/npm/v1/security/advisories/bulk 232ms
386 silly audit report {}
387 http fetch GET 200 https://registry.npmjs.org/client-only/-/client-only-0.0.1.tgz 146ms (cache miss)
388 http fetch GET 200 https://registry.npmjs.org/detect-libc/-/detect-libc-2.1.2.tgz 149ms (cache miss)
389 http fetch GET 200 https://registry.npmjs.org/picocolors/-/picocolors-1.1.1.tgz 153ms (cache miss)
390 http fetch GET 200 https://registry.npmjs.org/nanoid/-/nanoid-3.3.11.tgz 153ms (cache miss)
391 http fetch GET 200 https://registry.npmjs.org/@img/colour/-/colour-1.0.0.tgz 161ms (cache miss)
392 http fetch GET 200 https://registry.npmjs.org/@next/env/-/env-16.1.6.tgz 181ms (cache miss)
393 http fetch GET 200 https://registry.npmjs.org/tslib/-/tslib-2.8.1.tgz 185ms (cache miss)
394 http fetch GET 200 https://registry.npmjs.org/scheduler/-/scheduler-0.27.0.tgz 192ms (cache miss)
395 http fetch GET 200 https://registry.npmjs.org/source-map-js/-/source-map-js-1.2.1.tgz 199ms (cache miss)
396 http fetch GET 200 https://registry.npmjs.org/baseline-browser-mapping/-/baseline-browser-mapping-2.10.0.tgz 209ms (cache miss)
397 http fetch GET 200 https://registry.npmjs.org/@emnapi/runtime/-/runtime-1.8.1.tgz 231ms (cache miss)
398 http fetch GET 200 https://registry.npmjs.org/@img/sharp-linux-x64/-/sharp-linux-x64-0.34.5.tgz 234ms (cache miss)
399 http fetch GET 200 https://registry.npmjs.org/react/-/react-19.2.4.tgz 228ms (cache miss)
400 http fetch GET 200 https://registry.npmjs.org/semver/-/semver-7.7.4.tgz 238ms (cache miss)
401 http fetch GET 200 https://registry.npmjs.org/postcss/-/postcss-8.4.31.tgz 242ms (cache miss)
402 http fetch GET 200 https://registry.npmjs.org/sharp/-/sharp-0.34.5.tgz 244ms (cache miss)
403 http fetch GET 200 https://registry.npmjs.org/styled-jsx/-/styled-jsx-5.1.6.tgz 254ms (cache miss)
404 http fetch GET 200 https://registry.npmjs.org/react-dom/-/react-dom-19.2.4.tgz 402ms (cache miss)
405 http fetch GET 200 https://registry.npmjs.org/@swc/helpers/-/helpers-0.5.15.tgz 473ms (cache miss)
406 http fetch GET 200 https://registry.npmjs.org/caniuse-lite/-/caniuse-lite-1.0.30001774.tgz 545ms (cache miss)
407 http fetch GET 200 https://registry.npmjs.org/@img/sharp-libvips-linux-x64/-/sharp-libvips-linux-x64-1.2.4.tgz 564ms (cache miss)
408 http fetch GET 200 https://registry.npmjs.org/@next/swc-linux-x64-gnu/-/swc-linux-x64-gnu-16.1.6.tgz 1450ms (cache miss)
409 http fetch GET 200 https://registry.npmjs.org/next/-/next-16.1.6.tgz 2743ms (cache miss)
410 info run sharp@0.34.5 install node_modules/sharp node install/check.js || npm run build
411 info run sharp@0.34.5 install { code: 0, signal: null }
412 silly ADD node_modules/client-only
413 silly ADD
414 silly ADD node_modules/semver
415 silly ADD node_modules/detect-libc
416 silly ADD
417 silly ADD
418 silly ADD
419 silly ADD
420 silly ADD
421 silly ADD
422 silly ADD node_modules/@img/sharp-linux-x64
423 silly ADD
424 silly ADD
425 silly ADD
426 silly ADD
427 silly ADD
428 silly ADD
429 silly ADD
430 silly ADD node_modules/@img/sharp-libvips-linux-x64
431 silly ADD
432 silly ADD
433 silly ADD
434 silly ADD
435 silly ADD
436 silly ADD
437 silly ADD
438 silly ADD
439 silly ADD
440 silly ADD node_modules/@img/colour
441 silly ADD node_modules/scheduler
442 silly ADD node_modules/source-map-js
443 silly ADD node_modules/picocolors
444 silly ADD node_modules/nanoid
445 silly ADD node_modules/tslib
446 silly ADD node_modules/styled-jsx
447 silly ADD node_modules/sharp
448 silly ADD node_modules/postcss
449 silly ADD node_modules/caniuse-lite
450 silly ADD node_modules/baseline-browser-mapping
451 silly ADD node_modules/@swc/helpers
452 silly ADD
453 silly ADD
454 silly ADD
455 silly ADD node_modules/@next/swc-linux-x64-gnu
456 silly ADD
457 silly ADD
458 silly ADD
459 silly ADD
460 silly ADD node_modules/@next/env
461 silly ADD node_modules/react-dom
462 silly ADD node_modules/react
463 silly ADD node_modules/next
464 verbose cwd /workspace/projects/template-landing
465 verbose os Linux 6.12.12+bpo-cloud-amd64
466 verbose node v20.20.0
467 verbose npm  v10.8.2
468 verbose exit 0
469 info ok
